<?xml version="1.0" encoding="UTF-8"?>
<!-- Generated by org.testng.reporters.JUnitReportReporter -->
<testsuite hostname="TAKO" failures="0" tests="5" name="ProductsTest" time="17.917" errors="0" timestamp="2025-05-16T22:50:39 EEST" skipped="0">
  <testcase classname="ProductsTest" name="remove" time="3.085"/>
  <system-out/>
  <testcase classname="ProductsTest" name="testLogout" time="5.648"/>
  <system-out/>
  <testcase classname="ProductsTest" name="chooseFromTheFilter" time="2.897"/>
  <system-out/>
  <testcase classname="ProductsTest" name="AddToCart" time="3.118"/>
  <system-out/>
  <testcase classname="ProductsTest" name="Add2ProductsToCart" time="3.169"/>
  <system-out/>
</testsuite> <!-- ProductsTest -->
